[2021-10-09T15:50:14.746] [ERROR] globalError - Cheese is too ripe!
[2021-10-09T15:50:14.748] [FATAL] globalError - Cheese was breeding ground for listeria.
[2021-10-09T15:51:33.196] [ERROR] globalError - Cheese is too ripe!
[2021-10-09T15:51:33.200] [FATAL] globalError - Cheese was breeding ground for listeria.
[2021-10-09T15:51:33.650] [ERROR] globalError - Cheese is too ripe!
[2021-10-09T15:51:33.651] [FATAL] globalError - Cheese was breeding ground for listeria.
[2021-10-09T15:51:54.108] [ERROR] globalError - Cheese is too ripe!
[2021-10-09T15:51:54.110] [FATAL] globalError - Cheese was breeding ground for listeria.
[2021-10-09T15:52:58.994] [ERROR] globalError - 自定义错误
[2021-10-09T15:53:00.145] [ERROR] globalError - 自定义错误
[2021-10-09T16:28:41.476] [ERROR] globalError - Cheese is too ripe!
[2021-10-09T16:28:41.479] [FATAL] globalError - Cheese was breeding ground for listeria.
[2021-10-09T16:30:40.309] [ERROR] globalError - Cheese is too ripe!
[2021-10-09T16:30:40.311] [FATAL] globalError - Cheese was breeding ground for listeria.
[2021-10-09T16:31:07.648] [ERROR] globalError - Cheese is too ripe!
[2021-10-09T16:31:07.652] [FATAL] globalError - Cheese was breeding ground for listeria.
[2021-10-09T16:32:43.494] [ERROR] globalError - Cheese is too ripe!
[2021-10-09T16:32:43.496] [FATAL] globalError - Cheese was breeding ground for listeria.
[2021-10-09T16:38:47.534] [ERROR] globalError - Cheese is too ripe!
[2021-10-09T16:38:47.536] [FATAL] globalError - Cheese was breeding ground for listeria.
[2021-10-09T16:39:28.841] [ERROR] globalError - Cheese is too ripe!
[2021-10-09T16:39:28.843] [FATAL] globalError - Cheese was breeding ground for listeria.
[2021-10-09T16:39:33.557] [ERROR] globalError - Cheese is too ripe!
[2021-10-09T16:39:33.559] [FATAL] globalError - Cheese was breeding ground for listeria.
[2021-10-09T16:39:58.205] [ERROR] globalError - Cheese is too ripe!
[2021-10-09T16:39:58.207] [FATAL] globalError - Cheese was breeding ground for listeria.
[2021-10-09T16:47:05.246] [ERROR] globalError - Cheese is too ripe!
[2021-10-09T16:47:05.249] [FATAL] globalError - Cheese was breeding ground for listeria.
[2021-10-09T16:47:10.377] [ERROR] globalError - Cheese is too ripe!
[2021-10-09T16:47:10.382] [FATAL] globalError - Cheese was breeding ground for listeria.
[2021-10-09T16:49:24.810] [ERROR] globalError - Cheese is too ripe!
[2021-10-09T16:49:24.812] [FATAL] globalError - Cheese was breeding ground for listeria.
[2021-10-09T16:52:01.447] [ERROR] globalError - Cheese is too ripe!
[2021-10-09T16:52:01.450] [FATAL] globalError - Cheese was breeding ground for listeria.
[2021-10-09T16:52:06.767] [ERROR] globalError - Cheese is too ripe!
[2021-10-09T16:52:06.769] [FATAL] globalError - Cheese was breeding ground for listeria.
[2021-10-09T16:52:07.227] [ERROR] globalError - Cheese is too ripe!
[2021-10-09T16:52:07.229] [FATAL] globalError - Cheese was breeding ground for listeria.
[2021-10-09T16:52:30.673] [ERROR] globalError - Cheese is too ripe!
[2021-10-09T16:52:30.675] [FATAL] globalError - Cheese was breeding ground for listeria.
[2021-10-09T16:55:12.487] [ERROR] globalError - Cheese is too ripe!
[2021-10-09T16:55:12.489] [FATAL] globalError - Cheese was breeding ground for listeria.
[2021-10-13T18:54:23.673] [ERROR] globalError - Cheese is too ripe!
[2021-10-13T18:54:23.676] [FATAL] globalError - Cheese was breeding ground for listeria.
[2021-10-13T18:54:29.262] [ERROR] globalError - 自定义错误
[2021-10-13T18:56:57.890] [ERROR] globalError - Cheese is too ripe!
[2021-10-13T18:56:57.892] [FATAL] globalError - Cheese was breeding ground for listeria.
[2021-10-13T18:59:06.151] [ERROR] globalError - Cheese is too ripe!
[2021-10-13T18:59:06.153] [FATAL] globalError - Cheese was breeding ground for listeria.
[2021-10-13T18:59:25.820] [ERROR] globalError - Cheese is too ripe!
[2021-10-13T18:59:25.824] [FATAL] globalError - Cheese was breeding ground for listeria.
[2021-10-13T19:04:08.186] [ERROR] globalError - Cheese is too ripe!
[2021-10-13T19:04:08.190] [FATAL] globalError - Cheese was breeding ground for listeria.
[2021-10-13T19:04:08.815] [ERROR] globalError - Cheese is too ripe!
[2021-10-13T19:04:08.818] [FATAL] globalError - Cheese was breeding ground for listeria.
[2021-10-13T19:06:57.240] [ERROR] globalError - Cheese is too ripe!
[2021-10-13T19:06:57.242] [FATAL] globalError - Cheese was breeding ground for listeria.
[2021-10-13T19:08:14.319] [ERROR] globalError - Cheese is too ripe!
[2021-10-13T19:08:14.321] [FATAL] globalError - Cheese was breeding ground for listeria.
[2021-10-13T19:09:07.255] [ERROR] globalError - Cheese is too ripe!
[2021-10-13T19:09:07.257] [FATAL] globalError - Cheese was breeding ground for listeria.
[2021-10-13T19:30:26.604] [ERROR] globalError - Cheese is too ripe!
[2021-10-13T19:30:26.614] [FATAL] globalError - Cheese was breeding ground for listeria.
[2021-10-13T19:30:27.077] [ERROR] globalError - Cheese is too ripe!
[2021-10-13T19:30:27.079] [FATAL] globalError - Cheese was breeding ground for listeria.
[2021-10-13T19:30:53.812] [ERROR] globalError - Cheese is too ripe!
[2021-10-13T19:30:53.815] [FATAL] globalError - Cheese was breeding ground for listeria.
[2021-10-13T19:30:54.400] [ERROR] globalError - Cheese is too ripe!
[2021-10-13T19:30:54.402] [FATAL] globalError - Cheese was breeding ground for listeria.
[2021-10-13T19:37:10.537] [ERROR] globalError - Cheese is too ripe!
[2021-10-13T19:37:10.539] [FATAL] globalError - Cheese was breeding ground for listeria.
[2021-10-13T19:39:48.192] [ERROR] globalError - Cheese is too ripe!
[2021-10-13T19:39:48.193] [FATAL] globalError - Cheese was breeding ground for listeria.
[2021-10-13T19:39:57.042] [ERROR] globalError - Cheese is too ripe!
[2021-10-13T19:39:57.043] [FATAL] globalError - Cheese was breeding ground for listeria.
[2021-10-13T19:48:13.741] [ERROR] globalError - Cheese is too ripe!
[2021-10-13T19:48:13.743] [FATAL] globalError - Cheese was breeding ground for listeria.
[2021-10-13T19:56:06.000] [ERROR] globalError - Cheese is too ripe!
[2021-10-13T19:56:06.002] [FATAL] globalError - Cheese was breeding ground for listeria.
[2021-10-13T19:56:18.358] [ERROR] globalError - Cheese is too ripe!
[2021-10-13T19:56:18.360] [FATAL] globalError - Cheese was breeding ground for listeria.
[2021-10-13T19:56:35.444] [ERROR] globalError - Cheese is too ripe!
[2021-10-13T19:56:35.446] [FATAL] globalError - Cheese was breeding ground for listeria.
[2021-10-13T19:56:35.894] [ERROR] globalError - Cheese is too ripe!
[2021-10-13T19:56:35.896] [FATAL] globalError - Cheese was breeding ground for listeria.
[2021-10-13T19:57:28.515] [ERROR] globalError - Cheese is too ripe!
[2021-10-13T19:57:28.517] [FATAL] globalError - Cheese was breeding ground for listeria.
[2021-10-13T20:00:37.553] [ERROR] globalError - Cheese is too ripe!
[2021-10-13T20:00:37.558] [FATAL] globalError - Cheese was breeding ground for listeria.
[2021-10-13T20:00:44.375] [ERROR] globalError - Cheese is too ripe!
[2021-10-13T20:00:44.381] [FATAL] globalError - Cheese was breeding ground for listeria.
[2021-10-13T20:02:00.298] [ERROR] globalError - Cheese is too ripe!
[2021-10-13T20:02:00.301] [FATAL] globalError - Cheese was breeding ground for listeria.
[2021-10-13T20:05:46.748] [ERROR] globalError - Cheese is too ripe!
[2021-10-13T20:05:46.751] [FATAL] globalError - Cheese was breeding ground for listeria.
[2021-10-13T20:06:38.690] [ERROR] globalError - Cheese is too ripe!
[2021-10-13T20:06:38.695] [FATAL] globalError - Cheese was breeding ground for listeria.
[2021-10-13T20:06:59.382] [ERROR] globalError - Cheese is too ripe!
[2021-10-13T20:06:59.384] [FATAL] globalError - Cheese was breeding ground for listeria.
[2021-10-13T20:08:01.398] [ERROR] globalError - Cheese is too ripe!
[2021-10-13T20:08:01.404] [FATAL] globalError - Cheese was breeding ground for listeria.
[2021-10-13T20:08:01.985] [ERROR] globalError - Cheese is too ripe!
[2021-10-13T20:08:01.987] [FATAL] globalError - Cheese was breeding ground for listeria.
[2021-10-13T20:08:35.885] [ERROR] globalError - Cheese is too ripe!
[2021-10-13T20:08:35.887] [FATAL] globalError - Cheese was breeding ground for listeria.
[2021-11-01T13:51:16.592] [ERROR] globalError - Cheese is too ripe!
[2021-11-01T13:51:16.593] [FATAL] globalError - Cheese was breeding ground for listeria.
[2021-11-01T13:51:32.718] [ERROR] globalError - 自定义错误
[2021-11-01T13:52:01.579] [ERROR] globalError - 自定义错误
[2021-11-01T13:52:08.785] [ERROR] globalError - 自定义错误
[2021-11-01T13:54:10.947] [ERROR] globalError - Cheese is too ripe!
[2021-11-01T13:54:10.949] [FATAL] globalError - Cheese was breeding ground for listeria.
[2021-11-01T13:59:57.254] [ERROR] globalError - Cheese is too ripe!
[2021-11-01T13:59:57.256] [FATAL] globalError - Cheese was breeding ground for listeria.
[2021-11-01T14:03:21.251] [ERROR] globalError - Cheese is too ripe!
[2021-11-01T14:03:21.254] [FATAL] globalError - Cheese was breeding ground for listeria.
[2021-11-01T14:03:21.994] [ERROR] globalError - Cheese is too ripe!
[2021-11-01T14:03:21.996] [FATAL] globalError - Cheese was breeding ground for listeria.
[2021-11-01T14:03:40.637] [ERROR] globalError - Cheese is too ripe!
[2021-11-01T14:03:40.639] [FATAL] globalError - Cheese was breeding ground for listeria.
[2021-11-01T14:03:53.274] [ERROR] globalError - Cheese is too ripe!
[2021-11-01T14:03:53.277] [FATAL] globalError - Cheese was breeding ground for listeria.
[2021-11-01T14:04:04.354] [ERROR] globalError - Cheese is too ripe!
[2021-11-01T14:04:04.360] [FATAL] globalError - Cheese was breeding ground for listeria.
[2021-11-01T14:04:14.329] [ERROR] globalError - Cheese is too ripe!
[2021-11-01T14:04:14.331] [FATAL] globalError - Cheese was breeding ground for listeria.
[2021-11-01T14:04:23.946] [ERROR] globalError - Cheese is too ripe!
[2021-11-01T14:04:23.948] [FATAL] globalError - Cheese was breeding ground for listeria.
[2021-11-01T14:04:33.078] [ERROR] globalError - Cheese is too ripe!
[2021-11-01T14:04:33.080] [FATAL] globalError - Cheese was breeding ground for listeria.
[2021-11-01T14:04:45.901] [ERROR] globalError - Cheese is too ripe!
[2021-11-01T14:04:45.904] [FATAL] globalError - Cheese was breeding ground for listeria.
[2021-11-01T17:24:35.982] [ERROR] globalError - Cheese is too ripe!
[2021-11-01T17:24:35.985] [FATAL] globalError - Cheese was breeding ground for listeria.
[2021-11-01T17:25:17.476] [ERROR] globalError - Cheese is too ripe!
[2021-11-01T17:25:17.478] [FATAL] globalError - Cheese was breeding ground for listeria.
[2021-11-01T19:22:15.490] [ERROR] globalError - Cheese is too ripe!
[2021-11-01T19:22:15.492] [FATAL] globalError - Cheese was breeding ground for listeria.
[2021-11-01T19:37:03.435] [ERROR] globalError - Cheese is too ripe!
[2021-11-01T19:37:03.437] [FATAL] globalError - Cheese was breeding ground for listeria.
[2021-11-01T19:43:05.419] [ERROR] globalError - Cheese is too ripe!
[2021-11-01T19:43:05.421] [FATAL] globalError - Cheese was breeding ground for listeria.
[2021-11-01T19:43:21.044] [ERROR] globalError - Cheese is too ripe!
[2021-11-01T19:43:21.046] [FATAL] globalError - Cheese was breeding ground for listeria.
[2021-11-04T19:44:51.426] [ERROR] globalError - Cheese is too ripe!
[2021-11-04T19:44:51.430] [FATAL] globalError - Cheese was breeding ground for listeria.
[2021-11-04T19:45:47.135] [ERROR] globalError - Cheese is too ripe!
[2021-11-04T19:45:47.138] [FATAL] globalError - Cheese was breeding ground for listeria.
[2021-11-04T19:46:27.216] [ERROR] globalError - Cheese is too ripe!
[2021-11-04T19:46:27.219] [FATAL] globalError - Cheese was breeding ground for listeria.
[2021-11-04T19:49:20.048] [ERROR] globalError - Cheese is too ripe!
[2021-11-04T19:49:20.050] [FATAL] globalError - Cheese was breeding ground for listeria.
[2021-11-04T19:51:17.895] [ERROR] globalError - Cheese is too ripe!
[2021-11-04T19:51:17.905] [FATAL] globalError - Cheese was breeding ground for listeria.
[2021-11-04T19:54:05.256] [ERROR] globalError - Cheese is too ripe!
[2021-11-04T19:54:05.260] [FATAL] globalError - Cheese was breeding ground for listeria.
[2021-11-04T19:54:23.531] [ERROR] globalError - Cheese is too ripe!
[2021-11-04T19:54:23.539] [FATAL] globalError - Cheese was breeding ground for listeria.
[2021-11-04T19:54:44.427] [ERROR] globalError - Cheese is too ripe!
[2021-11-04T19:54:44.431] [FATAL] globalError - Cheese was breeding ground for listeria.
[2021-11-18T20:23:54.549] [ERROR] globalError - Cheese is too ripe!
[2021-11-18T20:23:54.554] [FATAL] globalError - Cheese was breeding ground for listeria.
[2021-11-18T20:31:00.050] [ERROR] globalError - Cheese is too ripe!
[2021-11-18T20:31:00.055] [FATAL] globalError - Cheese was breeding ground for listeria.
[2021-11-18T20:31:33.994] [ERROR] globalError - Cheese is too ripe!
[2021-11-18T20:31:33.996] [FATAL] globalError - Cheese was breeding ground for listeria.
[2021-11-18T21:21:25.204] [ERROR] globalError - Cheese is too ripe!
[2021-11-18T21:21:25.207] [FATAL] globalError - Cheese was breeding ground for listeria.
[2021-11-18T21:21:27.347] [ERROR] globalError - ENOENT: no such file or directory, open 'D:\learn\learn-yideng\learn-practice\bff\yd-books-webpack-test\src\web\views\index.html'
[2021-11-18T21:21:34.923] [ERROR] globalError - ENOENT: no such file or directory, open 'D:\learn\learn-yideng\learn-practice\bff\yd-books-webpack-test\src\web\views\books\list.html'
[2021-11-18T21:24:08.949] [ERROR] globalError - Cheese is too ripe!
[2021-11-18T21:24:08.953] [FATAL] globalError - Cheese was breeding ground for listeria.
[2021-11-18T21:25:19.769] [ERROR] globalError - Cheese is too ripe!
[2021-11-18T21:25:19.771] [FATAL] globalError - Cheese was breeding ground for listeria.
[2021-11-18T21:27:04.566] [ERROR] globalError - Cheese is too ripe!
[2021-11-18T21:27:04.568] [FATAL] globalError - Cheese was breeding ground for listeria.
[2021-11-18T21:27:05.286] [ERROR] globalError - Cheese is too ripe!
[2021-11-18T21:27:05.288] [FATAL] globalError - Cheese was breeding ground for listeria.
[2021-11-18T21:27:27.321] [ERROR] globalError - Cheese is too ripe!
[2021-11-18T21:27:27.323] [FATAL] globalError - Cheese was breeding ground for listeria.
[2021-11-18T21:38:37.533] [ERROR] globalError - Cheese is too ripe!
[2021-11-18T21:38:37.535] [FATAL] globalError - Cheese was breeding ground for listeria.
[2021-11-18T21:44:28.307] [ERROR] globalError - Cheese is too ripe!
[2021-11-18T21:44:28.312] [FATAL] globalError - Cheese was breeding ground for listeria.
[2021-11-18T21:44:46.695] [ERROR] globalError - Cheese is too ripe!
[2021-11-18T21:44:46.696] [FATAL] globalError - Cheese was breeding ground for listeria.
[2021-11-18T21:47:19.201] [ERROR] globalError - Cheese is too ripe!
[2021-11-18T21:47:19.204] [FATAL] globalError - Cheese was breeding ground for listeria.
[2021-11-18T21:48:56.651] [ERROR] globalError - Cheese is too ripe!
[2021-11-18T21:48:56.653] [FATAL] globalError - Cheese was breeding ground for listeria.
[2021-11-18T21:49:06.315] [ERROR] globalError - Cheese is too ripe!
[2021-11-18T21:49:06.318] [FATAL] globalError - Cheese was breeding ground for listeria.
[2021-11-18T21:49:07.299] [ERROR] globalError - Cheese is too ripe!
[2021-11-18T21:49:07.303] [FATAL] globalError - Cheese was breeding ground for listeria.
[2021-11-22T20:46:54.627] [ERROR] globalError - Cheese is too ripe!
[2021-11-22T20:46:54.629] [FATAL] globalError - Cheese was breeding ground for listeria.
[2021-11-22T20:46:56.618] [ERROR] globalError - ENOENT: no such file or directory, open 'D:\learn\learn-yideng\learn-practice\bff\yd-books-webpack-test\src\web\views\index.html'
[2021-11-22T20:48:56.651] [ERROR] globalError - Cheese is too ripe!
[2021-11-22T20:48:56.653] [FATAL] globalError - Cheese was breeding ground for listeria.
[2021-11-22T20:49:13.520] [ERROR] globalError - ENOENT: no such file or directory, open 'D:\learn\learn-yideng\learn-practice\bff\yd-books-webpack-test\src\server\views\index.html'
[2021-11-22T20:49:15.134] [ERROR] globalError - ENOENT: no such file or directory, open 'D:\learn\learn-yideng\learn-practice\bff\yd-books-webpack-test\src\server\views\index.html'
[2021-11-22T20:52:49.198] [ERROR] globalError - Cheese is too ripe!
[2021-11-22T20:52:49.200] [FATAL] globalError - Cheese was breeding ground for listeria.
[2021-11-22T20:52:52.811] [ERROR] globalError - ENOENT: no such file or directory, open 'D:\learn\learn-yideng\learn-practice\bff\yd-books-webpack-test\src\server\views\index.html'
[2021-11-22T20:55:18.648] [ERROR] globalError - Cheese is too ripe!
[2021-11-22T20:55:18.650] [FATAL] globalError - Cheese was breeding ground for listeria.
[2021-11-22T20:58:30.743] [ERROR] globalError - ENOENT: no such file or directory, open 'D:\learn\learn-yideng\learn-practice\bff\yd-books-webpack-test\src\server\views\books\pages\list.html'
[2021-11-22T20:58:32.672] [ERROR] globalError - ENOENT: no such file or directory, open 'D:\learn\learn-yideng\learn-practice\bff\yd-books-webpack-test\src\server\views\books\pages\list.html'
[2021-11-22T21:04:53.608] [ERROR] globalError - Cheese is too ripe!
[2021-11-22T21:04:53.610] [FATAL] globalError - Cheese was breeding ground for listeria.
[2021-11-22T21:06:48.931] [ERROR] globalError - Cheese is too ripe!
[2021-11-22T21:06:48.936] [FATAL] globalError - Cheese was breeding ground for listeria.
[2021-11-22T21:06:54.885] [ERROR] globalError - ENOENT: no such file or directory, open 'D:\learn\learn-yideng\learn-practice\bff\yd-books-webpack-test\dist\views\index.html'
[2021-11-22T21:11:24.333] [ERROR] globalError - Cheese is too ripe!
[2021-11-22T21:11:24.336] [FATAL] globalError - Cheese was breeding ground for listeria.
